
**** Build of configuration Debug for project SCFGU_Bsp09 ****

make all 
Building file: ../main.cpp
Invoking: Cygwin C++ Compiler
g++ -I"C:\FH\SystemC\systemc-2.2.0\include" -I"C:\FH\SystemC\scv-1.0p2-sysc2.2\include" -O0 -g3 -Wall -c -fmessage-length=0 -MMD -MP -MF"main.d" -MT"main.d" -o "main.o" "../main.cpp"
cygwin warning:
  MS-DOS style path detected: C:\FH\SystemC\01_Eclipse_Workspace_SC01\SCFGU_Bsp09\Debug
  Preferred POSIX equivalent is: /cygdrive/c/FH/SystemC/01_Eclipse_Workspace_SC01/SCFGU_Bsp09/Debug
  CYGWIN environment variable option "nodosfilewarning" turns off this warning.
  Consult the user's guide for more details about POSIX paths:
    http://cygwin.com/cygwin-ug-net/using.html#using-pathnames
Finished building: ../main.cpp
 
Building file: ../resolved_ex.cpp
Invoking: Cygwin C++ Compiler
g++ -I"C:\FH\SystemC\systemc-2.2.0\include" -I"C:\FH\SystemC\scv-1.0p2-sysc2.2\include" -O0 -g3 -Wall -c -fmessage-length=0 -MMD -MP -MF"resolved_ex.d" -MT"resolved_ex.d" -o "resolved_ex.o" "../resolved_ex.cpp"
Finished building: ../resolved_ex.cpp
 
Building target: SCFGU_Bsp09.exe
Invoking: Cygwin C++ Linker
g++ -L"C:\FH\SystemC\systemc-2.2.0\lib-cygwin" -L"C:\FH\SystemC\scv-1.0p2-sysc2.2\lib-cygwin" -o "SCFGU_Bsp09.exe"  ./main.o ./resolved_ex.o   -lscv -lobj -lcudd -lutil -lmtr -lst -lsystemc
Finished building target: SCFGU_Bsp09.exe
 

**** Build Finished ****
