
**** Clean-only build of configuration Debug for project fulladder_rtl ****

make clean 
rm -rf  ./fulladder_main.o  ./fulladder_main.d  fulladder_rtl.exe
 

**** Build Finished ****

**** Build of configuration Debug for project fulladder_rtl ****

make all 
Building file: ../fulladder_main.cpp
Invoking: Cygwin C++ Compiler
g++ -IC:/cygwin/usr/local/scv_debug/include -IC:/cygwin/usr/local/systemc_debug/include -O0 -g3 -Wall -c -fmessage-length=0 -MMD -MP -MF"fulladder_main.d" -MT"fulladder_main.d" -o "fulladder_main.o" "../fulladder_main.cpp"
Finished building: ../fulladder_main.cpp
 
Building target: fulladder_rtl.exe
Invoking: Cygwin C++ Linker
g++ -LC:/cygwin/usr/local/scv_debug/lib-cygwin -LC:/cygwin/usr/local/systemc_debug/lib-cygwin -o "fulladder_rtl.exe"  ./fulladder_main.o   -lscv -lobj -lcudd -lutil -lmtr -lst -lsystemc
Finished building target: fulladder_rtl.exe
 

**** Build Finished ****

**** Build of configuration Debug for project fulladder_rtl ****

make all 
Building file: ../fulladder_main.cpp
Invoking: Cygwin C++ Compiler
g++ -IC:/cygwin/usr/local/scv_debug/include -IC:/cygwin/usr/local/systemc_debug/include -O0 -g3 -Wall -c -fmessage-length=0 -MMD -MP -MF"fulladder_main.d" -MT"fulladder_main.d" -o "fulladder_main.o" "../fulladder_main.cpp"
Finished building: ../fulladder_main.cpp
 
Building target: fulladder_rtl.exe
Invoking: Cygwin C++ Linker
g++ -LC:/cygwin/usr/local/scv_debug/lib-cygwin -LC:/cygwin/usr/local/systemc_debug/lib-cygwin -o "fulladder_rtl.exe"  ./fulladder_main.o   -lscv -lobj -lcudd -lutil -lmtr -lst -lsystemc
Finished building target: fulladder_rtl.exe
 

**** Build Finished ****
